;;; 
Export: Release 11.2.0.4.0 - Production on Thu Oct 26 02:00:02 2017

Copyright (c) 1982, 2011, Oracle and/or its affiliates.  All rights reserved.
;;; 
Connected to: Oracle Database 11g Release 11.2.0.4.0 - 64bit Production
Starting "SYSTEM"."SYS_EXPORT_SCHEMA_06":  system/******** SCHEMAS=CRM_APP,APP,CRM_APP_HOMO,APP_HOMO,CRM_APP_DES,APP_DES directory=PUMP_BACKUP dumpfile=DB_APEX5.dmp logfile=DB_APEX5.log 
Estimate in progress using BLOCKS method...
Processing object type SCHEMA_EXPORT/TABLE/TABLE_DATA
Total estimation using BLOCKS method: 2.062 GB
Processing object type SCHEMA_EXPORT/USER
Processing object type SCHEMA_EXPORT/SYSTEM_GRANT
Processing object type SCHEMA_EXPORT/ROLE_GRANT
Processing object type SCHEMA_EXPORT/DEFAULT_ROLE
Processing object type SCHEMA_EXPORT/PRE_SCHEMA/PROCACT_SCHEMA
Processing object type SCHEMA_EXPORT/SYNONYM/SYNONYM
Processing object type SCHEMA_EXPORT/TYPE/TYPE_SPEC
Processing object type SCHEMA_EXPORT/SEQUENCE/SEQUENCE
Processing object type SCHEMA_EXPORT/SEQUENCE/GRANT/OWNER_GRANT/OBJECT_GRANT
>>> DBMS_AW_EXP: SYS.AW$EXPRESS: OLAP not enabled
>>> DBMS_AW_EXP: SYS.AW$AWMD: OLAP not enabled
>>> DBMS_AW_EXP: SYS.AW$AWCREATE: OLAP not enabled
>>> DBMS_AW_EXP: SYS.AW$AWCREATE10G: OLAP not enabled
>>> DBMS_AW_EXP: SYS.AW$AWXML: OLAP not enabled
>>> DBMS_AW_EXP: SYS.AW$AWREPORT: OLAP not enabled
Processing object type SCHEMA_EXPORT/TABLE/TABLE
Processing object type SCHEMA_EXPORT/TABLE/GRANT/OWNER_GRANT/OBJECT_GRANT
Processing object type SCHEMA_EXPORT/TABLE/COMMENT
Processing object type SCHEMA_EXPORT/PACKAGE/PACKAGE_SPEC
Processing object type SCHEMA_EXPORT/FUNCTION/FUNCTION
Processing object type SCHEMA_EXPORT/PROCEDURE/PROCEDURE
Processing object type SCHEMA_EXPORT/PROCEDURE/GRANT/OWNER_GRANT/OBJECT_GRANT
Processing object type SCHEMA_EXPORT/PACKAGE/COMPILE_PACKAGE/PACKAGE_SPEC/ALTER_PACKAGE_SPEC
Processing object type SCHEMA_EXPORT/FUNCTION/ALTER_FUNCTION
Processing object type SCHEMA_EXPORT/PROCEDURE/ALTER_PROCEDURE
Processing object type SCHEMA_EXPORT/TABLE/INDEX/INDEX
Processing object type SCHEMA_EXPORT/TABLE/CONSTRAINT/CONSTRAINT
Processing object type SCHEMA_EXPORT/TABLE/INDEX/STATISTICS/INDEX_STATISTICS
Processing object type SCHEMA_EXPORT/PACKAGE/PACKAGE_BODY
Processing object type SCHEMA_EXPORT/JAVA_SOURCE/JAVA_SOURCE
Processing object type SCHEMA_EXPORT/JAVA_CLASS/JAVA_CLASS
Processing object type SCHEMA_EXPORT/TABLE/CONSTRAINT/REF_CONSTRAINT
Processing object type SCHEMA_EXPORT/TABLE/TRIGGER
Processing object type SCHEMA_EXPORT/TABLE/STATISTICS/TABLE_STATISTICS
>>> DBMS_AW_EXP: SYS.AW$EXPRESS: OLAP not enabled
>>> DBMS_AW_EXP: SYS.AW$AWMD: OLAP not enabled
>>> DBMS_AW_EXP: SYS.AW$AWCREATE: OLAP not enabled
>>> DBMS_AW_EXP: SYS.AW$AWCREATE10G: OLAP not enabled
>>> DBMS_AW_EXP: SYS.AW$AWXML: OLAP not enabled
>>> DBMS_AW_EXP: SYS.AW$AWREPORT: OLAP not enabled
Processing object type SCHEMA_EXPORT/POST_SCHEMA/PROCOBJ
. . exported "APP_DES"."APP_ADM_LOG_EXEC"                390.9 MB 12086010 rows
. . exported "APP"."APP_ADM_LOG_EXEC"                    296.0 MB 9162006 rows
. . exported "APP_HOMO"."APP_ADM_LOG_EXEC"               284.4 MB 8790729 rows
. . exported "APP_DES"."APP_ADM_LOG"                     17.95 MB    1454 rows
. . exported "APP_HOMO"."APP_ADM_PROC_ERRO"              152.1 MB  978771 rows
. . exported "APP"."APP_ADM_DOMINIO"                     62.56 KB     977 rows
. . exported "APP"."APP_ADM_DOMINIO_TIPO"                19.75 KB      98 rows
. . exported "APP_DES"."APP_ADM_DOMINIO"                 56.27 KB     852 rows
. . exported "APP_DES"."APP_ADM_DOMINIO_TIPO"            19.86 KB      98 rows
. . exported "APP_HOMO"."APP_ADM_DOMINIO"                63.37 KB     989 rows
. . exported "APP_HOMO"."APP_ADM_DOMINIO_TIPO"           19.77 KB      98 rows
. . exported "APP_DES"."APP_HST_PERFIL_ITENS"            20.92 MB  869419 rows
. . exported "APP_DES"."APP_HST_MSG_ENV"                 13.76 MB   17048 rows
. . exported "APP"."APP_ADM_LOG"                         7.568 MB   14045 rows
. . exported "APP_DES"."APP_ADM_LOG_LOCAWEB"             6.338 MB    1077 rows
. . exported "APP_HOMO"."APP_ADM_LOG"                    661.5 KB     189 rows
. . exported "APP_DES"."APP_HST_CORP"                    7.727 MB    1419 rows
. . exported "APP_DES"."APP_COM_MSG_ENV"                 4.771 MB    6787 rows
. . exported "APP"."APP_HST_PERFIL_ITENS"                3.309 MB  132758 rows
. . exported "APP_DES"."APP_ADM_CHAT"                    20.26 KB       4 rows
. . exported "APP_HOMO"."APP_HST_PERFIL_ITENS"           2.835 MB  113758 rows
. . exported "APP"."APP_EST_ITENS_HELP"                  1.071 MB     186 rows
. . exported "APP_HOMO"."APP_EST_ITENS_HELP"             1.076 MB     187 rows
. . exported "APP_DES"."TESTE_TEMP_CONVERSAO"            1.618 MB   10329 rows
. . exported "APP_DES"."APP_ADM_PROC_ERRO"               13.39 KB      11 rows
. . exported "APP_DES"."APP_EST_ITENS_HELP"              1.087 MB     190 rows
. . exported "APP_HOMO"."APP_HST_CORP"                   1.310 MB     101 rows
. . exported "APP_DES"."APP_HST_ENV_AVISO"               839.3 KB   15998 rows
. . exported "APP_DES"."APP_ADM_LOG2"                    1.040 MB     195 rows
. . exported "CRM_APP_DES"."LOG_DESENV"                  9.570 KB       1 rows
. . exported "CRM_APP_DES"."AJUSTA_TRADUTOR_TELA_COPIA"  11.34 KB     297 rows
. . exported "APP_DES"."APP_EST_ITENS_HELP_BPK"          529.7 KB     101 rows
. . exported "APP_DES"."APP_HST_ATM_CLC_ANAMNESE"        557.9 KB      51 rows
. . exported "APP_DES"."APP_HST_USUARIO"                 803.3 KB   10477 rows
. . exported "APP_DES"."APP_HST_USUARIO_DEVICE"          752.2 KB   10097 rows
. . exported "CRM_APP"."APP_EST_ITENS_HELP_BKP"          537.6 KB     101 rows
. . exported "CRM_APP_DES"."APP_EST_ITENS_HELP_BKP"      537.6 KB     101 rows
. . exported "APP_DES"."APP_EST_ITENS_TRADUTOR"          446.8 KB    6736 rows
. . exported "APP_DES"."APP_ADM_ANEXO"                   628.5 KB      15 rows
. . exported "APP_HOMO"."APP_EST_ITENS_TRADUTOR"         479.5 KB    6619 rows
. . exported "APP"."APP_EST_ITENS_TRADUTOR"              475.0 KB    6596 rows
. . exported "APP"."APP_HST_MSG_ENV"                     372.0 KB      94 rows
. . exported "APP_DES"."APP_HST_CLC_ANAMNESE_MODELO"     461.7 KB      49 rows
. . exported "APP"."APP_EST_ITENS"                       461.4 KB    6621 rows
. . exported "APP_HOMO"."APP_EST_ITENS"                  462.7 KB    6643 rows
. . exported "APP_HOMO"."APP_HST_MSG_ENV"                321.5 KB     114 rows
. . exported "APP"."APP_HST_CORP"                        414.5 KB      33 rows
. . exported "APP_DES"."APP_ADM_CORP"                    415.7 KB     100 rows
. . exported "APP_DES"."APP_EST_ITENS"                   439.2 KB    6759 rows
. . exported "APP_DES"."APP_HST_ATM_CLC_RECEITA"         275.8 KB      42 rows
. . exported "CRM_APP"."APP_EST_ITENS_TRAD_BKP_190617"   246.9 KB    3798 rows
. . exported "CRM_APP_DES"."APP_EST_ITENS_TRAD_BKP_190617"  246.9 KB    3798 rows
. . exported "APP"."APP_COM_MSG_ENV"                     193.1 KB      47 rows
. . exported "APP_DES"."APP_ADM_PERFIL_ITENS"            309.1 KB   13995 rows
. . exported "APP_DES"."APP_COM_ENV_AVISO"               317.3 KB    5797 rows
. . exported "APP_DES"."APP_HST_PET_RACA"                322.5 KB    7015 rows
. . exported "APP_DES"."APP_HST_PROFISSIONAL_ACERTO"     336.6 KB    2782 rows
. . exported "APP_DES"."APP_PET_RACA"                    308.2 KB    7165 rows
. . exported "CRM_APP_DES"."TOAD_PLAN_TABLE"             254.9 KB     473 rows
. . exported "APP_DES"."APP_ATM_CLC_ANAMNESE"            213.1 KB      15 rows
. . exported "APP_DES"."APP_HST_AVISO"                   271.2 KB    1724 rows
. . exported "APP_DES"."APP_HST_COMANDA_ITEM"            294.8 KB    3902 rows
. . exported "APP_HOMO"."APP_COM_MSG_ENV"                168.0 KB      57 rows
. . exported "CRM_APP"."APP_EST_ITENS_BKP_190617"        288.4 KB    4495 rows
. . exported "CRM_APP_DES"."APP_EST_ITENS_BKP_190617"    288.4 KB    4495 rows
. . exported "APP"."APP_ADM_PERFIL_ITENS"                190.5 KB    8181 rows
. . exported "APP"."APP_HST_ATM_CLC_ANAMNESE"            141.4 KB       6 rows
. . exported "APP_DES"."APP_HST_AGENDA_RESERVA"          243.3 KB    2713 rows
. . exported "APP_DES"."APP_HST_CORP_CLIENTE"            170.4 KB    1543 rows
. . exported "APP_DES"."APP_HST_DADO_CADASTRAL"          226.4 KB    3769 rows
. . exported "APP_HOMO"."APP_ADM_ANEXO"                    211 KB       3 rows
. . exported "APP_HOMO"."APP_ADM_CORP"                   201.8 KB      11 rows
. . exported "APP_HOMO"."APP_ADM_PERFIL_ITENS"           186.6 KB    8005 rows
. . exported "CRM_APP"."TOAD_PLAN_TABLE"                 143.9 KB     228 rows
. . exported "CRM_APP_HOMO"."TOAD_PLAN_TABLE"            143.9 KB     228 rows
. . exported "APP"."APP_ADM_TEMPLATE"                    51.57 KB       9 rows
. . exported "APP_DES"."APP_ADM_CORP_CLIENTE"              113 KB    1052 rows
. . exported "APP_DES"."APP_ADM_CRM_CONFIG"              40.32 KB       1 rows
. . exported "APP_DES"."APP_ADM_TEMPLATE"                48.73 KB       9 rows
. . exported "APP_DES"."APP_ATM_CLC_RECEITA"             88.73 KB      12 rows
. . exported "APP_DES"."APP_CLC_ANAMNESE_MODELO"         120.1 KB       8 rows
. . exported "APP_DES"."APP_HST_CLC_RECEITA_MODELO"      111.1 KB      22 rows
. . exported "APP_DES"."APP_HST_IMAGEM"                  167.3 KB    2247 rows
. . exported "APP_DES"."APP_HST_TOKEN_REQ"               199.1 KB    1242 rows
. . exported "APP_HOMO"."APP_ADM_TEMPLATE"               51.59 KB       9 rows
. . exported "CRM_APP_HOMO"."LOG_DESENV"                 8.234 KB       7 rows
. . exported "APP"."APP_ADM_ANEXO"                       59.57 KB       1 rows
. . exported "APP"."APP_ADM_CORP"                        106.7 KB       5 rows
. . exported "APP"."APP_ADM_CRM_CONFIG"                  40.02 KB       1 rows
. . exported "APP"."APP_ADM_PROC_MSG"                    133.2 KB    1460 rows
. . exported "APP"."APP_ATM_CLC_ANAMNESE"                75.34 KB       3 rows
. . exported "APP"."APP_HST_CORP_CLIENTE"                40.85 KB     372 rows
. . exported "APP_DES"."APP_ADM_DADO_CADASTRAL"          108.0 KB    1513 rows
. . exported "APP_DES"."APP_ADM_PROC_MSG"                134.2 KB    1475 rows
. . exported "APP_DES"."APP_CLC_RECEITA_MODELO"          82.68 KB      14 rows
. . exported "APP_DES"."APP_COM_AVISO"                   102.6 KB     584 rows
. . exported "APP_DES"."APP_HST_CLIENTE_FIDELIDADE"      98.93 KB    1221 rows
. . exported "APP_DES"."APP_HST_CLIENTE_PACOTE_ITEM"     127.4 KB    1252 rows
. . exported "APP_DES"."APP_HST_COMANDA"                 112.0 KB    1293 rows
. . exported "APP_DES"."APP_HST_COM_PUBLICACAO"          51.11 KB     124 rows
. . exported "APP_DES"."APP_HST_CORP_CONTATO"            94.34 KB     747 rows
. . exported "APP_HOMO"."APP_ADM_CRM_CONFIG"             40.05 KB       1 rows
. . exported "APP_HOMO"."APP_ADM_PROC_MSG"               133.2 KB    1460 rows
. . exported "APP_HOMO"."APP_HST_ATM_CLC_ANAMNESE"       41.21 KB       6 rows
. . exported "APP_HOMO"."APP_HST_ATM_CLC_EXAME"          53.87 KB       9 rows
. . exported "APP_HOMO"."APP_HST_CORP_CLIENTE"           39.62 KB     362 rows
. . exported "CRM_APP"."AJUSTA_TRADUTOR_TELA_COPIA"      72.14 KB      63 rows
. . exported "CRM_APP"."APOENA"                          7.429 KB       1 rows
. . exported "CRM_APP_DES"."APOENA"                      7.437 KB       1 rows
. . exported "APP"."APP_ADM_CORP_CLIENTE"                37.76 KB     336 rows
. . exported "APP"."APP_ATM_CLC_EXAME"                   11.31 KB       3 rows
. . exported "APP"."APP_ATM_CLC_RECEITA"                 23.02 KB       2 rows
. . exported "APP"."APP_CLC_ANAMNESE_MODELO"             29.48 KB       1 rows
. . exported "APP"."APP_CLC_RECEITA_MODELO"              15.49 KB       1 rows
. . exported "APP"."APP_COM_PUBLICACAO"                  9.382 KB       2 rows
. . exported "APP"."APP_HST_ATM_CLC_EXAME"               11.22 KB       6 rows
. . exported "APP"."APP_HST_ATM_CLC_RECEITA"             51.18 KB       8 rows
. . exported "APP"."APP_HST_CLC_ANAMNESE_MODELO"         29.10 KB       1 rows
. . exported "APP"."APP_HST_CLC_RECEITA_MODELO"          15.11 KB       1 rows
. . exported "APP"."APP_HST_COM_PUBLICACAO"              9.062 KB       3 rows
. . exported "APP"."APP_HST_PET_ANIMAL"                  20.87 KB       1 rows
. . exported "APP"."APP_HST_PET_RACA"                    53.25 KB    1038 rows
. . exported "APP"."APP_PET_ANIMAL"                      21.26 KB       1 rows
. . exported "APP"."APP_PET_RACA"                        50.58 KB    1038 rows
. . exported "APP_DES"."APP_ADM_AGENDA_RESERVA"          98.95 KB     931 rows
. . exported "APP_DES"."APP_ADM_CLIENTE_EMPR"            37.41 KB     819 rows
. . exported "APP_DES"."APP_ADM_CLIENTE_PACOTE_ITEM"     59.69 KB     465 rows
. . exported "APP_DES"."APP_ADM_COMANDA"                 42.35 KB     475 rows
. . exported "APP_DES"."APP_ADM_COMANDA_ITEM"            76.97 KB    1076 rows
. . exported "APP_DES"."APP_ADM_CONTROLE_ESTOQUE"        55.10 KB    1057 rows
. . exported "APP_DES"."APP_ADM_CORP_CONTATO"            43.58 KB     302 rows
. . exported "APP_DES"."APP_ADM_DCAD_EMAIL"              51.35 KB     802 rows
. . exported "APP_DES"."APP_ADM_DCAD_TELEFONE"           50.57 KB     945 rows
. . exported "APP_DES"."APP_ADM_IMAGEM"                  76.53 KB     908 rows
. . exported "APP_DES"."APP_ADM_PROFISSIONAL_ACERTO"     52.69 KB     271 rows
. . exported "APP_DES"."APP_ADM_UNID_PAGTO"              52.63 KB     778 rows
. . exported "APP_DES"."APP_ADM_USUARIO_SENHA_HIST"      52.47 KB     841 rows
. . exported "APP_DES"."APP_ATM_CLC_EXAME"               12.97 KB      15 rows
. . exported "APP_DES"."APP_COM_ENV_AVISO_BKP"           92.70 KB    1917 rows
. . exported "APP_DES"."APP_COM_PUBLICACAO"              24.17 KB      53 rows
. . exported "APP_DES"."APP_COM_TOKEN_REQ"               72.92 KB     400 rows
. . exported "APP_DES"."APP_HST_ATM_CLC_EXAME"           18.74 KB      64 rows
. . exported "APP_DES"."APP_HST_CAIXA"                   44.28 KB     497 rows
. . exported "APP_DES"."APP_HST_CLC_TRATAMENTO_CLINICO"  44.27 KB     358 rows
. . exported "APP_DES"."APP_HST_CLIENTE_EMPR"            56.60 KB    1379 rows
. . exported "APP_DES"."APP_HST_CLIENTE_INTERESSE"       55.25 KB    1556 rows
. . exported "APP_DES"."APP_HST_CLIENTE_USR"             40.68 KB    1188 rows
. . exported "APP_DES"."APP_HST_CORP_CURTIU"             40.55 KB    1157 rows
. . exported "APP_DES"."APP_HST_CORP_EMP_FILIAL"         42.12 KB     213 rows
. . exported "APP_DES"."APP_HST_DCAD_EMAIL"              57.47 KB     891 rows
. . exported "APP_DES"."APP_HST_DCAD_ENDERECO"           48.86 KB     420 rows
. . exported "APP_DES"."APP_HST_DCAD_TELEFONE"           53.31 KB     961 rows
. . exported "APP_DES"."APP_HST_PACOTE"                  45.95 KB     310 rows
. . exported "APP_DES"."APP_HST_PAGAMENTO"               40.94 KB     542 rows
. . exported "APP_DES"."APP_HST_PAGAMENTO_MEIO"          74.69 KB     885 rows
. . exported "APP_DES"."APP_HST_PET_ANIMAL"              46.00 KB      92 rows
. . exported "APP_DES"."APP_HST_SERV"                    84.42 KB     572 rows
. . exported "APP_DES"."APP_HST_SERV_AGENDA"             55.05 KB     329 rows
. . exported "APP_DES"."APP_HST_TOKEN_ENV"               94.98 KB    1064 rows
. . exported "APP_DES"."APP_HST_USUARIO_SENHA"           61.37 KB    1030 rows
. . exported "APP_DES"."APP_HST_USUARIO_SENHA_HIST"      53.99 KB     827 rows
. . exported "APP_DES"."APP_PET_ANIMAL"                  25.55 KB      15 rows
. . exported "APP_HOMO"."APP_ADM_CORP_CLIENTE"           37.57 KB     338 rows
. . exported "APP_HOMO"."APP_ATM_CLC_ANAMNESE"           13.77 KB       2 rows
. . exported "APP_HOMO"."APP_ATM_CLC_EXAME"              31.71 KB       4 rows
. . exported "APP_HOMO"."APP_ATM_CLC_RECEITA"            12.73 KB       1 rows
. . exported "APP_HOMO"."APP_CLC_ANAMNESE_MODELO"        25.13 KB       2 rows
. . exported "APP_HOMO"."APP_CLC_RECEITA_MODELO"         15.50 KB       1 rows
. . exported "APP_HOMO"."APP_COM_PUBLICACAO"             10.14 KB       5 rows
. . exported "APP_HOMO"."APP_HST_ATM_CLC_RECEITA"        22.23 KB      11 rows
. . exported "APP_HOMO"."APP_HST_CLC_ANAMNESE_MODELO"    24.76 KB       2 rows
. . exported "APP_HOMO"."APP_HST_CLC_RECEITA_MODELO"     15.13 KB       1 rows
. . exported "APP_HOMO"."APP_HST_COM_PUBLICACAO"         10.31 KB       8 rows
. . exported "APP_HOMO"."APP_HST_PET_ANIMAL"             21.78 KB       5 rows
. . exported "APP_HOMO"."APP_HST_PET_RACA"               75.25 KB    1557 rows
. . exported "APP_HOMO"."APP_PET_ANIMAL"                 20.33 KB       1 rows
. . exported "APP_HOMO"."APP_PET_RACA"                   71.07 KB    1557 rows
. . exported "CRM_APP"."ELI_TTT"                         6.328 KB       1 rows
. . exported "CRM_APP"."TESTE"                           9.421 KB      11 rows
. . exported "CRM_APP"."TESTEANDREAMORIM"                5.078 KB       1 rows
. . exported "CRM_APP_DES"."APP_COM_CHAT"                13.11 KB       4 rows
. . exported "CRM_APP_DES"."TESTE"                       7.531 KB       6 rows
. . exported "APP"."APP_ADM_ACERTO_PAGTO"                11.33 KB       2 rows
. . exported "APP"."APP_ADM_ACE_EMAIL"                   6.585 KB      33 rows
. . exported "APP"."APP_ADM_ACE_USR_TOKEN_ACESSO"        7.015 KB      33 rows
. . exported "APP"."APP_ADM_AGENDA_RESERVA"              15.92 KB      12 rows
. . exported "APP"."APP_ADM_AGENTE"                      8.515 KB       9 rows
. . exported "APP"."APP_ADM_CAIXA"                       12.60 KB      11 rows
. . exported "APP"."APP_ADM_CAIXA_LANC"                  11.17 KB      55 rows
. . exported "APP"."APP_ADM_CLIENTE_EMPR"                18.55 KB     303 rows
. . exported "APP"."APP_ADM_CLIENTE_FATURA"              9.312 KB       1 rows
. . exported "APP"."APP_ADM_CLIENTE_FIDELIDADE"          14.03 KB      25 rows
. . exported "APP"."APP_ADM_CLIENTE_INTERESSE"           8.195 KB       5 rows
. . exported "APP"."APP_ADM_CLIENTE_PACOTE_ITEM"         19.44 KB      45 rows
. . exported "APP"."APP_ADM_CLIENTE_USR"                 8.546 KB      43 rows
. . exported "APP"."APP_ADM_CMND_ITEM_FIDELIDADE"        8.234 KB       3 rows
. . exported "APP"."APP_ADM_COMANDA"                     11.00 KB      12 rows
. . exported "APP"."APP_ADM_COMANDA_ITEM"                15.99 KB      44 rows
. . exported "APP"."APP_ADM_COMANDA_ITEM_COMISSAO"       7.929 KB       8 rows
. . exported "APP"."APP_ADM_CONTROLE_ESTOQUE"            11.79 KB      38 rows
. . exported "APP"."APP_ADM_CORP_ACAO"                   9.820 KB       1 rows
. . exported "APP"."APP_ADM_CORP_ACAO_DETALHE"           9.695 KB      33 rows
. . exported "APP"."APP_ADM_CORP_ACEITE"                 6.335 KB       4 rows
. . exported "APP"."APP_ADM_CORP_CONTATO"                9.882 KB       2 rows
. . exported "APP"."APP_ADM_CORP_CONTROLE"               26.80 KB       4 rows
. . exported "APP"."APP_ADM_CORP_CONTROLE_MENSAL"        10.10 KB      33 rows
. . exported "APP"."APP_ADM_CORP_CURTIU"                 8.375 KB      14 rows
. . exported "APP"."APP_ADM_CORP_EMPRESA"                8.109 KB       4 rows
. . exported "APP"."APP_ADM_CORP_EMP_FILIAL"             9.898 KB       4 rows
. . exported "APP"."APP_ADM_CORP_FIDELIDADE"             16.54 KB       4 rows
. . exported "APP"."APP_ADM_CORP_PERFIL"                 6.601 KB      15 rows
. . exported "APP"."APP_ADM_CRM_CONFIG_TIPO"             9.484 KB       5 rows
. . exported "APP"."APP_ADM_DADO_CADASTRAL"              34.02 KB     369 rows
. . exported "APP"."APP_ADM_DCAD_DOCUMENTO"              10.05 KB       1 rows
. . exported "APP"."APP_ADM_DCAD_EMAIL"                  16.84 KB     153 rows
. . exported "APP"."APP_ADM_DCAD_ENDERECO"               11.90 KB       3 rows
. . exported "APP"."APP_ADM_DCAD_TELEFONE"               26.78 KB     395 rows
. . exported "APP"."APP_ADM_ESTOQUE"                     10.93 KB       6 rows
. . exported "APP"."APP_ADM_ESTOQUE_LOTE"                8.890 KB       1 rows
. . exported "APP"."APP_ADM_FABRICANTE"                  8.421 KB       1 rows
. . exported "APP"."APP_ADM_FORMULARIO"                  9.375 KB       3 rows
. . exported "APP"."APP_ADM_IMAGEM"                      11.09 KB      20 rows
. . exported "APP"."APP_ADM_INTERESSE"                   8.773 KB       8 rows
. . exported "APP"."APP_ADM_PACOTE"                      12.60 KB       3 rows
. . exported "APP"."APP_ADM_PACOTE_FIDELIDADE"           8.890 KB       2 rows
. . exported "APP"."APP_ADM_PACOTE_ITEM"                 10.93 KB      18 rows
. . exported "APP"."APP_ADM_PAGAMENTO"                   9.617 KB       7 rows
. . exported "APP"."APP_ADM_PAGAMENTO_COMANDA"           6.468 KB       7 rows
. . exported "APP"."APP_ADM_PAGAMENTO_MEIO"              11.15 KB      11 rows
. . exported "APP"."APP_ADM_PERFIL"                      8.460 KB       3 rows
. . exported "APP"."APP_ADM_PROCESSO"                    6.664 KB       9 rows
. . exported "APP"."APP_ADM_PROC_ERRO"                   12.46 KB       6 rows
. . exported "APP"."APP_ADM_PROFISSIONAL_ACERTO"         21.17 KB      12 rows
. . exported "APP"."APP_ADM_PROFISSIONAL_SERVICO"        10.85 KB       4 rows
. . exported "APP"."APP_ADM_SERV"                        19.90 KB      11 rows
. . exported "APP"."APP_ADM_SERV_AGENDA"                 19.43 KB       4 rows
. . exported "APP"."APP_ADM_SERV_CONTADORES"             6.570 KB      11 rows
. . exported "APP"."APP_ADM_SERV_EMPR"                   8.773 KB      11 rows
. . exported "APP"."APP_ADM_SERV_FIDELIDADE"             8.992 KB       5 rows
. . exported "APP"."APP_ADM_SERV_GRUPO"                  8.953 KB      15 rows
. . exported "APP"."APP_ADM_SERV_LOCAL"                  8.062 KB       3 rows
. . exported "APP"."APP_ADM_SERV_PROFISSIONAL"           9.617 KB       9 rows
. . exported "APP"."APP_ADM_TIPO_CONTRATO"               17.57 KB       4 rows
. . exported "APP"."APP_ADM_TIPO_NEGOCIO"                8.835 KB       1 rows
. . exported "APP"."APP_ADM_UNID_PAGTO"                  13.15 KB      40 rows
. . exported "APP"."APP_ADM_USUARIO"                     16.53 KB      54 rows
. . exported "APP"."APP_ADM_USUARIO_DEVICE"              10.95 KB      24 rows
. . exported "APP"."APP_ADM_USUARIO_RESET"               6.710 KB      10 rows
. . exported "APP"."APP_ADM_USUARIO_SENHA"               8.664 KB      40 rows
. . exported "APP"."APP_ADM_USUARIO_SENHA_HIST"          10.85 KB      69 rows
. . exported "APP"."APP_ATM_ATENDIMENTO"                 11.42 KB       6 rows
. . exported "APP"."APP_ATM_ATENDIMENTO_ITEM"            11.12 KB       8 rows
. . exported "APP"."APP_CLC_TIPO_MEDICAMENTO"            8.007 KB       1 rows
. . exported "APP"."APP_CLC_TRATAMENTO"                  10.15 KB       1 rows
. . exported "APP"."APP_CLC_TRATAMENTO_CLINICO"          12.36 KB       8 rows
. . exported "APP"."APP_COM_AVISO"                       13.65 KB      12 rows
. . exported "APP"."APP_COM_ENV_AVISO"                   14.32 KB      34 rows
. . exported "APP"."APP_COM_ENV_AVISO_BKP"               10.85 KB       8 rows
. . exported "APP"."APP_COM_TOKEN_ENV"                   10.55 KB       8 rows
. . exported "APP"."APP_COM_TOKEN_REQ"                   11.42 KB       8 rows
. . exported "APP"."APP_EST_ITENS_IDIOMA"                11.13 KB       5 rows
. . exported "APP"."APP_EST_ITENS_TIPO"                  6.921 KB      36 rows
. . exported "APP"."APP_HST_ACERTO_PAGTO"                12.18 KB       2 rows
. . exported "APP"."APP_HST_ACE_EMAIL"                   7.562 KB      33 rows
. . exported "APP"."APP_HST_ADM_ANEXO"                   9.796 KB       1 rows
. . exported "APP"."APP_HST_ADM_CORP_CONTROLE"           26.78 KB       6 rows
. . exported "APP"."APP_HST_AGENDA_RESERVA"              16.21 KB      21 rows
. . exported "APP"."APP_HST_ATM_ATENDIMENTO"             12.03 KB      24 rows
. . exported "APP"."APP_HST_ATM_ATENDIMENTO_ITEM"        11.97 KB      16 rows
. . exported "APP"."APP_HST_AVISO"                       23.74 KB      44 rows
. . exported "APP"."APP_HST_CAIXA"                       13.68 KB      21 rows
. . exported "APP"."APP_HST_CLC_TIPO_MEDICAMENTO"        7.632 KB       1 rows
. . exported "APP"."APP_HST_CLC_TRATAMENTO"              9.406 KB       3 rows
. . exported "APP"."APP_HST_CLC_TRATAMENTO_CLINICO"      12.11 KB      10 rows
. . exported "APP"."APP_HST_CLIENTE_EMPR"                19.10 KB     305 rows
. . exported "APP"."APP_HST_CLIENTE_FATURA"              8.992 KB       2 rows
. . exported "APP"."APP_HST_CLIENTE_FIDELIDADE"          14.78 KB      42 rows
. . exported "APP"."APP_HST_CLIENTE_INTERESSE"           8.023 KB      13 rows
. . exported "APP"."APP_HST_CLIENTE_PACOTE_ITEM"         19.46 KB      50 rows
. . exported "APP"."APP_HST_CLIENTE_USR"                 8.390 KB      48 rows
. . exported "APP"."APP_HST_COMANDA"                     11.83 KB       5 rows
. . exported "APP"."APP_HST_COMANDA_ITEM"                18.47 KB      53 rows
. . exported "APP"."APP_HST_COMANDA_ITEM_COMISSAO"       9.414 KB      12 rows
. . exported "APP"."APP_HST_CORP_ACAO"                   9.437 KB       1 rows
. . exported "APP"."APP_HST_CORP_CONTATO"                9.046 KB       2 rows
. . exported "APP"."APP_HST_CORP_CURTIU"                 8.070 KB      20 rows
. . exported "APP"."APP_HST_CORP_EMPRESA"                7.742 KB       4 rows
. . exported "APP"."APP_HST_CORP_EMP_FILIAL"             9.757 KB      10 rows
. . exported "APP"."APP_HST_CORP_FIDELIDADE"             16.71 KB      12 rows
. . exported "APP"."APP_HST_CORP_PERFIL"                     7 KB      12 rows
. . exported "APP"."APP_HST_DADO_CADASTRAL"              36.32 KB     404 rows
. . exported "APP"."APP_HST_DCAD_DOCUMENTO"              9.671 KB       1 rows
. . exported "APP"."APP_HST_DCAD_EMAIL"                   17.5 KB     166 rows
. . exported "APP"."APP_HST_DCAD_ENDERECO"               11.65 KB       5 rows
. . exported "APP"."APP_HST_DCAD_TELEFONE"               27.65 KB     398 rows
. . exported "APP"."APP_HST_ENV_AVISO"                   15.93 KB      90 rows
. . exported "APP"."APP_HST_ENV_AVISO_BKP"               11.05 KB      24 rows
. . exported "APP"."APP_HST_FABRICANTE"                  8.078 KB       2 rows
. . exported "APP"."APP_HST_FORMULARIO"                  9.007 KB       3 rows
. . exported "APP"."APP_HST_IMAGEM"                         13 KB      55 rows
. . exported "APP"."APP_HST_INTERESSE"                   8.585 KB      12 rows
. . exported "APP"."APP_HST_PACOTE"                      13.67 KB      21 rows
. . exported "APP"."APP_HST_PACOTE_FIDELIDADE"           8.515 KB       2 rows
. . exported "APP"."APP_HST_PACOTE_ITEM"                 10.60 KB      18 rows
. . exported "APP"."APP_HST_PAGAMENTO_MEIO"              12.62 KB      12 rows
. . exported "APP"."APP_HST_PET_ESPECIE"                     8 KB      12 rows
. . exported "APP"."APP_HST_PROFISSIONAL_ACERTO"         21.51 KB      20 rows
. . exported "APP"."APP_HST_PROFISSIONAL_SERVICO"        10.54 KB       6 rows
. . exported "APP"."APP_HST_SERV"                        21.30 KB      27 rows
. . exported "APP"."APP_HST_SERV_AGENDA"                 19.35 KB       7 rows
. . exported "APP"."APP_HST_SERV_EMPR"                   8.429 KB      11 rows
. . exported "APP"."APP_HST_SERV_FIDELIDADE"             8.710 KB       8 rows
. . exported "APP"."APP_HST_SERV_GRUPO"                  8.640 KB      16 rows
. . exported "APP"."APP_HST_SERV_LOCAL"                  7.687 KB       3 rows
. . exported "APP"."APP_HST_SERV_PROFISSIONAL"           9.226 KB      10 rows
. . exported "APP"."APP_HST_TOKEN_ENV"                   10.53 KB      16 rows
. . exported "APP"."APP_HST_TOKEN_REQ"                   11.92 KB      16 rows
. . exported "APP"."APP_HST_UNID_PAGTO"                  13.22 KB      48 rows
. . exported "APP"."APP_HST_USUARIO"                     27.47 KB     214 rows
. . exported "APP"."APP_HST_USUARIO_DEVICE"              15.19 KB      88 rows
. . exported "APP"."APP_HST_USUARIO_SENHA"               11.45 KB      92 rows
. . exported "APP"."APP_HST_USUARIO_SENHA_HIST"          10.91 KB      69 rows
. . exported "APP"."APP_PET_ESPECIE"                     8.804 KB      12 rows
. . exported "APP_DES"."APP_ADM_ACERTO_PAGTO"            13.84 KB      42 rows
. . exported "APP_DES"."APP_ADM_ACE_EMAIL"               15.15 KB     268 rows
. . exported "APP_DES"."APP_ADM_ACE_USR_TOKEN_ACESSO"     12.5 KB     253 rows
. . exported "APP_DES"."APP_ADM_AGENTE"                  8.523 KB       9 rows
. . exported "APP_DES"."APP_ADM_CAIXA"                   19.22 KB     113 rows
. . exported "APP_DES"."APP_ADM_CAIXA_LANC"               16.5 KB     178 rows
. . exported "APP_DES"."APP_ADM_CLIENTE_FATURA"          12.14 KB      36 rows
. . exported "APP_DES"."APP_ADM_CLIENTE_FIDELIDADE"      29.39 KB     232 rows
. . exported "APP_DES"."APP_ADM_CLIENTE_INTERESSE"       20.86 KB     384 rows
. . exported "APP_DES"."APP_ADM_CLIENTE_USR"             22.65 KB     573 rows
. . exported "APP_DES"."APP_ADM_CMND_ITEM_FIDELIDADE"    9.921 KB      49 rows
. . exported "APP_DES"."APP_ADM_COMANDA_ITEM_COMISSAO"   11.29 KB     132 rows
. . exported "APP_DES"."APP_ADM_CORP_ACAO"               10.08 KB       6 rows
. . exported "APP_DES"."APP_ADM_CORP_ACAO_DETALHE"       14.45 KB     161 rows
. . exported "APP_DES"."APP_ADM_CORP_ACEITE"             7.328 KB      54 rows
. . exported "APP_DES"."APP_ADM_CORP_CLIENTE_AVALIACAO"  14.57 KB     133 rows
. . exported "APP_DES"."APP_ADM_CORP_CONTROLE"           41.46 KB      99 rows
. . exported "APP_DES"."APP_ADM_CORP_CONTROLE_MENSAL"    34.46 KB     642 rows
. . exported "APP_DES"."APP_ADM_CORP_CURTIU"             14.33 KB     190 rows
. . exported "APP_DES"."APP_ADM_CORP_EMPRESA"            10.49 KB      87 rows
. . exported "APP_DES"."APP_ADM_CORP_EMP_FILIAL"         20.26 KB     104 rows
. . exported "APP_DES"."APP_ADM_CORP_FIDELIDADE"         22.36 KB      88 rows
. . exported "APP_DES"."APP_ADM_CORP_PERFIL"             12.27 KB     293 rows
. . exported "APP_DES"."APP_ADM_CRM_CONFIG_TIPO"         9.492 KB       5 rows
. . exported "APP_DES"."APP_ADM_DCAD_DOCUMENTO"          23.34 KB     294 rows
. . exported "APP_DES"."APP_ADM_DCAD_ENDERECO"           19.32 KB      76 rows
. . exported "APP_DES"."APP_ADM_ESTOQUE"                 16.67 KB     117 rows
. . exported "APP_DES"."APP_ADM_ESTOQUE_LOTE"            9.437 KB      12 rows
. . exported "APP_DES"."APP_ADM_FABRICANTE"              8.695 KB       8 rows
. . exported "APP_DES"."APP_ADM_FORMULARIO"              10.57 KB      29 rows
. . exported "APP_DES"."APP_ADM_INTERESSE"               14.61 KB     145 rows
. . exported "APP_DES"."APP_ADM_PACOTE"                  16.07 KB      30 rows
. . exported "APP_DES"."APP_ADM_PACOTE_FIDELIDADE"       9.437 KB      17 rows
. . exported "APP_DES"."APP_ADM_PACOTE_ITEM"             18.49 KB     194 rows
. . exported "APP_DES"."APP_ADM_PAGAMENTO"               22.31 KB     296 rows
. . exported "APP_DES"."APP_ADM_PAGAMENTO_COMANDA"       12.75 KB     302 rows
. . exported "APP_DES"."APP_ADM_PAGAMENTO_MEIO"          37.71 KB     480 rows
. . exported "APP_DES"."APP_ADM_PERFIL"                  8.757 KB      10 rows
. . exported "APP_DES"."APP_ADM_PROCESSO"                6.664 KB       9 rows
. . exported "APP_DES"."APP_ADM_PROFISSIONAL_SERVICO"     16.5 KB     122 rows
. . exported "APP_DES"."APP_ADM_SERV"                    43.01 KB     195 rows
. . exported "APP_DES"."APP_ADM_SERV_AGENDA"             31.23 KB     104 rows
. . exported "APP_DES"."APP_ADM_SERV_CONTADORES"         9.390 KB     195 rows
. . exported "APP_DES"."APP_ADM_SERV_EMPR"               17.22 KB     266 rows
. . exported "APP_DES"."APP_ADM_SERV_FIDELIDADE"         10.89 KB      53 rows
. . exported "APP_DES"."APP_ADM_SERV_GRUPO"              21.68 KB     319 rows
. . exported "APP_DES"."APP_ADM_SERV_LOCAL"              9.992 KB      51 rows
. . exported "APP_DES"."APP_ADM_SERV_PROFISSIONAL"       13.64 KB      96 rows
. . exported "APP_DES"."APP_ADM_SERV_RETORNO"            9.171 KB       8 rows
. . exported "APP_DES"."APP_ADM_TIPO_CONTRATO"           18.65 KB      16 rows
. . exported "APP_DES"."APP_ADM_TIPO_NEGOCIO"            9.164 KB       9 rows
. . exported "APP_DES"."APP_ADM_USUARIO"                 44.95 KB     426 rows
. . exported "APP_DES"."APP_ADM_USUARIO_DEVICE"          34.01 KB     323 rows
. . exported "APP_DES"."APP_ADM_USUARIO_EMPR"            8.437 KB       1 rows
. . exported "APP_DES"."APP_ADM_USUARIO_RESET"           13.00 KB     138 rows
. . exported "APP_DES"."APP_ADM_USUARIO_SENHA"           26.57 KB     387 rows
. . exported "APP_DES"."APP_ATM_ATENDIMENTO"             15.93 KB      73 rows
. . exported "APP_DES"."APP_ATM_ATENDIMENTO_ITEM"        16.61 KB     116 rows
. . exported "APP_DES"."APP_ATM_ATENDIMENTO_PROF_ITEM"   9.937 KB      16 rows
. . exported "APP_DES"."APP_CLC_TIPO_MEDICAMENTO"        8.507 KB      15 rows
. . exported "APP_DES"."APP_CLC_TRATAMENTO"              10.43 KB       6 rows
. . exported "APP_DES"."APP_CLC_TRATAMENTO_CLINICO"      37.31 KB     275 rows
. . exported "APP_DES"."APP_COM_PUBLICACAO_RETORNO"      16.16 KB      67 rows
. . exported "APP_DES"."APP_COM_TOKEN_ENV"               36.25 KB     302 rows
. . exported "APP_DES"."APP_EST_ITENS_IDIOMA"            11.14 KB       5 rows
. . exported "APP_DES"."APP_EST_ITENS_TIPO"              6.921 KB      36 rows
. . exported "APP_DES"."APP_HST_ACERTO_PAGTO"            21.07 KB     109 rows
. . exported "APP_DES"."APP_HST_ACE_EMAIL"               17.90 KB     282 rows
. . exported "APP_DES"."APP_HST_ADM_ANEXO"               11.09 KB      15 rows
. . exported "APP_DES"."APP_HST_ADM_CORP_CONTROLE"       38.32 KB      78 rows
. . exported "APP_DES"."APP_HST_ATM_ATENDIMENTO"         26.96 KB     259 rows
. . exported "APP_DES"."APP_HST_ATM_ATENDIMENTO_ITEM"    32.03 KB     394 rows
. . exported "APP_DES"."APP_HST_ATM_ATEND_PROF_ITEM"     11.21 KB      58 rows
. . exported "APP_DES"."APP_HST_CAIXA_LANC"              18.96 KB     234 rows
. . exported "APP_DES"."APP_HST_CLC_TIPO_MEDICAMENTO"    8.242 KB      17 rows
. . exported "APP_DES"."APP_HST_CLC_TRATAMENTO"          10.37 KB      27 rows
. . exported "APP_DES"."APP_HST_CLIENTE_FATURA"          15.20 KB      96 rows
. . exported "APP_DES"."APP_HST_COMANDA_ITEM_COMISSAO"   10.85 KB      47 rows
. . exported "APP_DES"."APP_HST_CORP_ACAO"               10.25 KB      18 rows
. . exported "APP_DES"."APP_HST_CORP_CLIENTE_AVALIACAO"  33.45 KB     644 rows
. . exported "APP_DES"."APP_HST_CORP_EMPRESA"            10.78 KB     103 rows
. . exported "APP_DES"."APP_HST_CORP_FIDELIDADE"         36.42 KB     300 rows
. . exported "APP_DES"."APP_HST_CORP_PERFIL"             13.28 KB     281 rows
. . exported "APP_DES"."APP_HST_DCAD_DOCUMENTO"          23.27 KB     283 rows
. . exported "APP_DES"."APP_HST_FABRICANTE"              8.703 KB      17 rows
. . exported "APP_DES"."APP_HST_FORMULARIO"              12.53 KB      87 rows
. . exported "APP_DES"."APP_HST_INTERESSE"               23.53 KB     387 rows
. . exported "APP_DES"."APP_HST_PACOTE_FIDELIDADE"       9.554 KB      32 rows
. . exported "APP_DES"."APP_HST_PACOTE_ITEM"             30.39 KB     460 rows
. . exported "APP_DES"."APP_HST_PAGAMENTO_COMANDA"       21.17 KB     403 rows
. . exported "APP_DES"."APP_HST_PERFIL"                  8.695 KB      17 rows
. . exported "APP_DES"."APP_HST_PET_ESPECIE"             10.76 KB      89 rows
. . exported "APP_DES"."APP_HST_PROFISSIONAL_SERVICO"    22.49 KB     255 rows
. . exported "APP_DES"."APP_HST_SERV_EMPR"               20.52 KB     370 rows
. . exported "APP_DES"."APP_HST_SERV_FIDELIDADE"         13.07 KB     135 rows
. . exported "APP_DES"."APP_HST_SERV_GRUPO"              25.69 KB     435 rows
. . exported "APP_DES"."APP_HST_SERV_LOCAL"              10.70 KB      82 rows
. . exported "APP_DES"."APP_HST_SERV_PROFISSIONAL"       16.91 KB     192 rows
. . exported "APP_DES"."APP_HST_UNID_PAGTO"              35.28 KB     449 rows
. . exported "APP_DES"."APP_HST_USUARIO_EMPR"            8.132 KB       3 rows
. . exported "APP_DES"."APP_PET_ESPECIE"                 12.39 KB     116 rows
. . exported "APP_DES"."MDC_ADM_MEDICO"                  6.406 KB       4 rows
. . exported "APP_DES"."MDC_ADM_MED_PAC"                 5.812 KB      27 rows
. . exported "APP_DES"."MDC_ADM_PACIENTE"                9.007 KB      26 rows
. . exported "APP_DES"."MDC_ADM_TRATAMENTO"              7.898 KB      35 rows
. . exported "APP_DES"."MDC_ADM_TRATAM_FOTO"             9.257 KB      64 rows
. . exported "APP_HOMO"."APP_ADM_ACERTO_PAGTO"           11.32 KB       3 rows
. . exported "APP_HOMO"."APP_ADM_ACE_EMAIL"              6.335 KB      26 rows
. . exported "APP_HOMO"."APP_ADM_ACE_USR_TOKEN_ACESSO"   6.804 KB      23 rows
. . exported "APP_HOMO"."APP_ADM_AGENDA_RESERVA"         22.89 KB      94 rows
. . exported "APP_HOMO"."APP_ADM_AGENTE"                 8.507 KB       9 rows
. . exported "APP_HOMO"."APP_ADM_CAIXA"                  13.10 KB      19 rows
. . exported "APP_HOMO"."APP_ADM_CAIXA_LANC"             11.76 KB      71 rows
. . exported "APP_HOMO"."APP_ADM_CLIENTE_EMPR"           18.88 KB     313 rows
. . exported "APP_HOMO"."APP_ADM_CLIENTE_FATURA"         9.312 KB       1 rows
. . exported "APP_HOMO"."APP_ADM_CLIENTE_FIDELIDADE"     13.61 KB      20 rows
. . exported "APP_HOMO"."APP_ADM_CLIENTE_INTERESSE"      8.242 KB       6 rows
. . exported "APP_HOMO"."APP_ADM_CLIENTE_USR"            8.484 KB      39 rows
. . exported "APP_HOMO"."APP_ADM_COMANDA"                13.35 KB      49 rows
. . exported "APP_HOMO"."APP_ADM_COMANDA_ITEM"           18.52 KB      92 rows
. . exported "APP_HOMO"."APP_ADM_COMANDA_ITEM_COMISSAO"  8.992 KB      52 rows
. . exported "APP_HOMO"."APP_ADM_CONTROLE_ESTOQUE"       14.35 KB     102 rows
. . exported "APP_HOMO"."APP_ADM_CORP_ACAO"              9.820 KB       1 rows
. . exported "APP_HOMO"."APP_ADM_CORP_ACAO_DETALHE"      9.437 KB      26 rows
. . exported "APP_HOMO"."APP_ADM_CORP_ACEITE"            6.429 KB       8 rows
. . exported "APP_HOMO"."APP_ADM_CORP_CLIENTE_AVALIACAO"  8.531 KB       2 rows
. . exported "APP_HOMO"."APP_ADM_CORP_CONTATO"           9.945 KB       3 rows
. . exported "APP_HOMO"."APP_ADM_CORP_CONTROLE"          27.77 KB      10 rows
. . exported "APP_HOMO"."APP_ADM_CORP_CONTROLE_MENSAL"   10.34 KB      41 rows
. . exported "APP_HOMO"."APP_ADM_CORP_CURTIU"            8.398 KB      15 rows
. . exported "APP_HOMO"."APP_ADM_CORP_EMPRESA"           8.281 KB      10 rows
. . exported "APP_HOMO"."APP_ADM_CORP_EMP_FILIAL"        10.82 KB      12 rows
. . exported "APP_HOMO"."APP_ADM_CORP_FIDELIDADE"        16.95 KB      10 rows
. . exported "APP_HOMO"."APP_ADM_CORP_PERFIL"            6.968 KB      33 rows
. . exported "APP_HOMO"."APP_ADM_CRM_CONFIG_TIPO"        9.492 KB       5 rows
. . exported "APP_HOMO"."APP_ADM_DADO_CADASTRAL"         36.33 KB     405 rows
. . exported "APP_HOMO"."APP_ADM_DCAD_DOCUMENTO"         10.03 KB       1 rows
. . exported "APP_HOMO"."APP_ADM_DCAD_EMAIL"             18.04 KB     178 rows
. . exported "APP_HOMO"."APP_ADM_DCAD_ENDERECO"          12.14 KB       6 rows
. . exported "APP_HOMO"."APP_ADM_DCAD_TELEFONE"          27.18 KB     404 rows
. . exported "APP_HOMO"."APP_ADM_ESTOQUE"                11.48 KB      19 rows
. . exported "APP_HOMO"."APP_ADM_ESTOQUE_LOTE"           8.890 KB       1 rows
. . exported "APP_HOMO"."APP_ADM_FABRICANTE"             8.460 KB       3 rows
. . exported "APP_HOMO"."APP_ADM_IMAGEM"                 14.79 KB      71 rows
. . exported "APP_HOMO"."APP_ADM_INTERESSE"              8.976 KB      15 rows
. . exported "APP_HOMO"."APP_ADM_PACOTE"                 12.71 KB       4 rows
. . exported "APP_HOMO"."APP_ADM_PACOTE_FIDELIDADE"      8.882 KB       1 rows
. . exported "APP_HOMO"."APP_ADM_PACOTE_ITEM"            10.38 KB       4 rows
. . exported "APP_HOMO"."APP_ADM_PAGAMENTO"              10.50 KB      30 rows
. . exported "APP_HOMO"."APP_ADM_PAGAMENTO_COMANDA"      6.921 KB      30 rows
. . exported "APP_HOMO"."APP_ADM_PAGAMENTO_MEIO"         13.65 KB      54 rows
. . exported "APP_HOMO"."APP_ADM_PERFIL"                 8.468 KB       3 rows
. . exported "APP_HOMO"."APP_ADM_PROCESSO"               6.664 KB       9 rows
. . exported "APP_HOMO"."APP_ADM_PROFISSIONAL_ACERTO"    25.78 KB      58 rows
. . exported "APP_HOMO"."APP_ADM_PROFISSIONAL_SERVICO"   11.90 KB      28 rows
. . exported "APP_HOMO"."APP_ADM_SERV"                   21.93 KB      28 rows
. . exported "APP_HOMO"."APP_ADM_SERV_AGENDA"            20.85 KB      16 rows
. . exported "APP_HOMO"."APP_ADM_SERV_CONTADORES"        6.804 KB      27 rows
. . exported "APP_HOMO"."APP_ADM_SERV_EMPR"              9.789 KB      42 rows
. . exported "APP_HOMO"."APP_ADM_SERV_FIDELIDADE"        9.070 KB       6 rows
. . exported "APP_HOMO"."APP_ADM_SERV_GRUPO"             9.773 KB      37 rows
. . exported "APP_HOMO"."APP_ADM_SERV_LOCAL"             8.289 KB       8 rows
. . exported "APP_HOMO"."APP_ADM_SERV_PROFISSIONAL"      10.04 KB      17 rows
. . exported "APP_HOMO"."APP_ADM_TIPO_CONTRATO"          17.94 KB       8 rows
. . exported "APP_HOMO"."APP_ADM_TIPO_NEGOCIO"           9.164 KB       9 rows
. . exported "APP_HOMO"."APP_ADM_UNID_PAGTO"             15.56 KB      88 rows
. . exported "APP_HOMO"."APP_ADM_USUARIO"                16.93 KB      61 rows
. . exported "APP_HOMO"."APP_ADM_USUARIO_DEVICE"         10.56 KB      18 rows
. . exported "APP_HOMO"."APP_ADM_USUARIO_RESET"          6.664 KB       9 rows
. . exported "APP_HOMO"."APP_ADM_USUARIO_SENHA"          9.117 KB      48 rows
. . exported "APP_HOMO"."APP_ADM_USUARIO_SENHA_HIST"     12.14 KB      90 rows
. . exported "APP_HOMO"."APP_ATM_ATENDIMENTO"            11.14 KB       2 rows
. . exported "APP_HOMO"."APP_ATM_ATENDIMENTO_ITEM"       10.92 KB       4 rows
. . exported "APP_HOMO"."APP_ATM_ATENDIMENTO_PROF_ITEM"  9.398 KB       1 rows
. . exported "APP_HOMO"."APP_CLC_TIPO_MEDICAMENTO"       8.054 KB       2 rows
. . exported "APP_HOMO"."APP_CLC_TRATAMENTO"             10.16 KB       1 rows
. . exported "APP_HOMO"."APP_CLC_TRATAMENTO_CLINICO"     18.17 KB     108 rows
. . exported "APP_HOMO"."APP_COM_AVISO"                  16.01 KB      27 rows
. . exported "APP_HOMO"."APP_COM_ENV_AVISO"              15.55 KB      56 rows
. . exported "APP_HOMO"."APP_COM_ENV_AVISO_BKP"          10.85 KB       8 rows
. . exported "APP_HOMO"."APP_COM_PUBLICACAO_RETORNO"     12.57 KB       6 rows
. . exported "APP_HOMO"."APP_COM_TOKEN_ENV"              10.43 KB       6 rows
. . exported "APP_HOMO"."APP_COM_TOKEN_REQ"              11.18 KB       6 rows
. . exported "APP_HOMO"."APP_EST_ITENS_IDIOMA"           11.14 KB       5 rows
. . exported "APP_HOMO"."APP_EST_ITENS_TIPO"             6.921 KB      36 rows
. . exported "APP_HOMO"."APP_HST_ACERTO_PAGTO"           12.18 KB       3 rows
. . exported "APP_HOMO"."APP_HST_ACE_EMAIL"              7.289 KB      26 rows
. . exported "APP_HOMO"."APP_HST_ADM_ANEXO"              10.08 KB       3 rows
. . exported "APP_HOMO"."APP_HST_ADM_CORP_CONTROLE"      26.72 KB       6 rows
. . exported "APP_HOMO"."APP_HST_AGENDA_RESERVA"         34.75 KB     251 rows
. . exported "APP_HOMO"."APP_HST_ATM_ATENDIMENTO"        11.08 KB       6 rows
. . exported "APP_HOMO"."APP_HST_ATM_ATENDIMENTO_ITEM"   11.77 KB      12 rows
. . exported "APP_HOMO"."APP_HST_ATM_ATEND_PROF_ITEM"    9.015 KB       1 rows
. . exported "APP_HOMO"."APP_HST_AVISO"                  19.59 KB      35 rows
. . exported "APP_HOMO"."APP_HST_CAIXA"                  16.29 KB      64 rows
. . exported "APP_HOMO"."APP_HST_CLC_TIPO_MEDICAMENTO"   7.687 KB       2 rows
. . exported "APP_HOMO"."APP_HST_CLC_TRATAMENTO"         9.328 KB       1 rows
. . exported "APP_HOMO"."APP_HST_CLC_TRATAMENTO_CLINICO"  18.27 KB     110 rows
. . exported "APP_HOMO"."APP_HST_CLIENTE_EMPR"           19.46 KB     315 rows
. . exported "APP_HOMO"."APP_HST_CLIENTE_FATURA"         8.992 KB       2 rows
. . exported "APP_HOMO"."APP_HST_CLIENTE_FIDELIDADE"     13.77 KB      27 rows
. . exported "APP_HOMO"."APP_HST_CLIENTE_INTERESSE"      8.164 KB      17 rows
. . exported "APP_HOMO"."APP_HST_CLIENTE_USR"            8.625 KB      57 rows
. . exported "APP_HOMO"."APP_HST_COMANDA"                15.37 KB      51 rows
. . exported "APP_HOMO"."APP_HST_COMANDA_ITEM"           29.56 KB     218 rows
. . exported "APP_HOMO"."APP_HST_COMANDA_ITEM_COMISSAO"  10.86 KB      52 rows
. . exported "APP_HOMO"."APP_HST_CORP_ACAO"              9.437 KB       1 rows
. . exported "APP_HOMO"."APP_HST_CORP_CLIENTE_AVALIACAO"  8.195 KB       3 rows
. . exported "APP_HOMO"."APP_HST_CORP_CONTATO"           9.101 KB       3 rows
. . exported "APP_HOMO"."APP_HST_CORP_CURTIU"            8.078 KB      20 rows
. . exported "APP_HOMO"."APP_HST_CORP_EMPRESA"           7.929 KB      10 rows
. . exported "APP_HOMO"."APP_HST_CORP_EMP_FILIAL"        12.00 KB      30 rows
. . exported "APP_HOMO"."APP_HST_CORP_FIDELIDADE"        17.26 KB      20 rows
. . exported "APP_HOMO"."APP_HST_CORP_PERFIL"            7.421 KB      30 rows
. . exported "APP_HOMO"."APP_HST_DADO_CADASTRAL"         40.12 KB     457 rows
. . exported "APP_HOMO"."APP_HST_DCAD_DOCUMENTO"         9.664 KB       1 rows
. . exported "APP_HOMO"."APP_HST_DCAD_EMAIL"             18.60 KB     187 rows
. . exported "APP_HOMO"."APP_HST_DCAD_ENDERECO"          11.90 KB       8 rows
. . exported "APP_HOMO"."APP_HST_DCAD_TELEFONE"          28.09 KB     407 rows
. . exported "APP_HOMO"."APP_HST_ENV_AVISO"              17.68 KB     106 rows
. . exported "APP_HOMO"."APP_HST_ENV_AVISO_BKP"          11.05 KB      24 rows
. . exported "APP_HOMO"."APP_HST_FABRICANTE"             8.093 KB       3 rows
. . exported "APP_HOMO"."APP_HST_IMAGEM"                 16.18 KB      95 rows
. . exported "APP_HOMO"."APP_HST_INTERESSE"              8.890 KB      22 rows
. . exported "APP_HOMO"."APP_HST_PACOTE"                 13.12 KB      11 rows
. . exported "APP_HOMO"."APP_HST_PACOTE_FIDELIDADE"      8.554 KB       3 rows
. . exported "APP_HOMO"."APP_HST_PACOTE_ITEM"            10.01 KB       4 rows
. . exported "APP_HOMO"."APP_HST_PAGAMENTO_MEIO"         15.99 KB      59 rows
. . exported "APP_HOMO"."APP_HST_PET_ESPECIE"            8.203 KB      18 rows
. . exported "APP_HOMO"."APP_HST_PROFISSIONAL_ACERTO"    26.51 KB      70 rows
. . exported "APP_HOMO"."APP_HST_PROFISSIONAL_SERVICO"   11.86 KB      36 rows
. . exported "APP_HOMO"."APP_HST_SERV"                   27.07 KB      74 rows
. . exported "APP_HOMO"."APP_HST_SERV_AGENDA"            20.75 KB      19 rows
. . exported "APP_HOMO"."APP_HST_SERV_EMPR"              9.867 KB      56 rows
. . exported "APP_HOMO"."APP_HST_SERV_FIDELIDADE"        9.109 KB      21 rows
. . exported "APP_HOMO"."APP_HST_SERV_GRUPO"             9.562 KB      39 rows
. . exported "APP_HOMO"."APP_HST_SERV_LOCAL"             8.031 KB      11 rows
. . exported "APP_HOMO"."APP_HST_SERV_PROFISSIONAL"      10.10 KB      29 rows
. . exported "APP_HOMO"."APP_HST_TOKEN_ENV"              10.33 KB      12 rows
. . exported "APP_HOMO"."APP_HST_TOKEN_REQ"              11.47 KB      12 rows
. . exported "APP_HOMO"."APP_HST_UNID_PAGTO"             15.77 KB      96 rows
. . exported "APP_HOMO"."APP_HST_USUARIO"                23.89 KB     170 rows
. . exported "APP_HOMO"."APP_HST_USUARIO_DEVICE"         13.98 KB      68 rows
. . exported "APP_HOMO"."APP_HST_USUARIO_SENHA"          13.35 KB     127 rows
. . exported "APP_HOMO"."APP_HST_USUARIO_SENHA_HIST"     12.15 KB      90 rows
. . exported "APP_HOMO"."APP_PET_ESPECIE"                    9 KB      18 rows
. . exported "CRM_APP_DES"."DEPT"                        5.945 KB       4 rows
. . exported "CRM_APP_DES"."EMP"                         8.578 KB      14 rows
. . exported "CRM_APP_DES"."MME"                         5.023 KB       1 rows
. . exported "APP"."APP_ADM_ACE_DEVICE"                      0 KB       0 rows
. . exported "APP"."APP_ADM_CORP_CLIENTE_AVALIACAO"          0 KB       0 rows
. . exported "APP"."APP_ADM_INTERESSE_EMPR"                  0 KB       0 rows
. . exported "APP"."APP_ADM_PROC_ERRO_BKP"                   0 KB       0 rows
. . exported "APP"."APP_ADM_SERV_RETORNO"                    0 KB       0 rows
. . exported "APP"."APP_ADM_USUARIO_EMPR"                    0 KB       0 rows
. . exported "APP"."APP_ATM_ATENDIMENTO_PROF_ITEM"           0 KB       0 rows
. . exported "APP"."APP_COM_PUBLICACAO_RETORNO"              0 KB       0 rows
. . exported "APP"."APP_HST_ACE_DEVICE"                      0 KB       0 rows
. . exported "APP"."APP_HST_ATM_ATEND_PROF_ITEM"             0 KB       0 rows
. . exported "APP"."APP_HST_CAIXA_LANC"                      0 KB       0 rows
. . exported "APP"."APP_HST_CLIENTE_INTERESSE_EMPR"          0 KB       0 rows
. . exported "APP"."APP_HST_CORP_CLIENTE_AVALIACAO"          0 KB       0 rows
. . exported "APP"."APP_HST_PAGAMENTO"                       0 KB       0 rows
. . exported "APP"."APP_HST_PAGAMENTO_COMANDA"               0 KB       0 rows
. . exported "APP"."APP_HST_PERFIL"                          0 KB       0 rows
. . exported "APP"."APP_HST_USUARIO_EMPR"                    0 KB       0 rows
. . exported "APP_DES"."APP_ADM_ACE_DEVICE"                  0 KB       0 rows
. . exported "APP_DES"."APP_ADM_INTERESSE_EMPR"              0 KB       0 rows
. . exported "APP_DES"."APP_HST_ACE_DEVICE"                  0 KB       0 rows
. . exported "APP_DES"."APP_HST_CLIENTE_INTERESSE_EMPR"      0 KB       0 rows
. . exported "APP_DES"."TOAD_PLAN_TABLE"                     0 KB       0 rows
. . exported "APP_HOMO"."APP_ADM_ACE_DEVICE"                 0 KB       0 rows
. . exported "APP_HOMO"."APP_ADM_CLIENTE_PACOTE_ITEM"        0 KB       0 rows
. . exported "APP_HOMO"."APP_ADM_CMND_ITEM_FIDELIDADE"       0 KB       0 rows
. . exported "APP_HOMO"."APP_ADM_FORMULARIO"                 0 KB       0 rows
. . exported "APP_HOMO"."APP_ADM_INTERESSE_EMPR"             0 KB       0 rows
. . exported "APP_HOMO"."APP_ADM_PROC_ERRO_BKP"              0 KB       0 rows
. . exported "APP_HOMO"."APP_ADM_SERV_RETORNO"               0 KB       0 rows
. . exported "APP_HOMO"."APP_ADM_USUARIO_EMPR"               0 KB       0 rows
. . exported "APP_HOMO"."APP_HST_ACE_DEVICE"                 0 KB       0 rows
. . exported "APP_HOMO"."APP_HST_CAIXA_LANC"                 0 KB       0 rows
. . exported "APP_HOMO"."APP_HST_CLIENTE_INTERESSE_EMPR"      0 KB       0 rows
. . exported "APP_HOMO"."APP_HST_CLIENTE_PACOTE_ITEM"        0 KB       0 rows
. . exported "APP_HOMO"."APP_HST_FORMULARIO"                 0 KB       0 rows
. . exported "APP_HOMO"."APP_HST_PAGAMENTO"                  0 KB       0 rows
. . exported "APP_HOMO"."APP_HST_PAGAMENTO_COMANDA"          0 KB       0 rows
. . exported "APP_HOMO"."APP_HST_PERFIL"                     0 KB       0 rows
. . exported "APP_HOMO"."APP_HST_USUARIO_EMPR"               0 KB       0 rows
. . exported "CRM_APP"."ELI_CLOB"                            0 KB       0 rows
. . exported "CRM_APP"."ELI_XML"                             0 KB       0 rows
. . exported "CRM_APP"."LOG_DESENV"                          0 KB       0 rows
. . exported "CRM_APP"."TESTE_MONTA_SCRIPT"                  0 KB       0 rows
. . exported "CRM_APP_DES"."ELI_CLOB"                        0 KB       0 rows
. . exported "CRM_APP_DES"."ELI_TTT"                         0 KB       0 rows
. . exported "CRM_APP_DES"."ELI_XML"                         0 KB       0 rows
. . exported "CRM_APP_DES"."TESTEANDREAMORIM"                0 KB       0 rows
. . exported "CRM_APP_DES"."TESTE_MONTA_SCRIPT"              0 KB       0 rows
Master table "SYSTEM"."SYS_EXPORT_SCHEMA_06" successfully loaded/unloaded
******************************************************************************
Dump file set for SYSTEM.SYS_EXPORT_SCHEMA_06 is:
  /u02/app/oracle/oradata/ebds_backup/DB_APEX5.dmp
Job "SYSTEM"."SYS_EXPORT_SCHEMA_06" successfully completed at Thu Oct 26 02:06:25 2017 elapsed 0 00:06:21
